<?xml version="1.0" encoding="UTF-8"?>
<testng-results ignored="0" total="1" passed="1" failed="0" skipped="0">
  <reporter-output>
  </reporter-output>
  <suite started-at="2025-05-14T15:48:13 AST" name="Default suite" finished-at="2025-05-14T15:48:17 AST" duration-ms="4011">
    <groups>
    </groups>
    <test started-at="2025-05-14T15:48:13 AST" name="Default test" finished-at="2025-05-14T15:48:17 AST" duration-ms="4011">
      <class name="FirstDatabaseProject.FirstTest.AppTest">
        <test-method is-config="true" signature="Setup()[pri:0, instance:FirstDatabaseProject.FirstTest.AppTest@3b00856b]" started-at="2025-05-14T15:48:13 AST" name="Setup" finished-at="2025-05-14T15:48:17 AST" duration-ms="3224" status="PASS">
          <reporter-output>
          </reporter-output>
        </test-method> <!-- Setup -->
        <test-method signature="readdata()[pri:0, instance:FirstDatabaseProject.FirstTest.AppTest@3b00856b]" started-at="2025-05-14T15:48:17 AST" name="readdata" finished-at="2025-05-14T15:48:17 AST" duration-ms="540" status="PASS">
          <reporter-output>
          </reporter-output>
        </test-method> <!-- readdata -->
      </class> <!-- FirstDatabaseProject.FirstTest.AppTest -->
    </test> <!-- Default test -->
  </suite> <!-- Default suite -->
</testng-results>
